<?xml version="1.0" encoding="UTF-8"?>
<testng-results ignored="0" total="1" passed="1" failed="0" skipped="0">
  <reporter-output>
  </reporter-output>
  <suite started-at="2020-11-11T00:59:12 MST" name="Default suite" finished-at="2020-11-11T00:59:25 MST" duration-ms="12612">
    <groups>
    </groups>
    <test started-at="2020-11-11T00:59:12 MST" name="Default test" finished-at="2020-11-11T00:59:25 MST" duration-ms="12612">
      <class name="BookingTestWithTestNG">
        <test-method signature="demo()[pri:0, instance:BookingTestWithTestNG@ec756bd]" started-at="2020-11-11T00:59:12 MST" name="demo" finished-at="2020-11-11T00:59:25 MST" duration-ms="12579" status="PASS">
          <reporter-output>
          </reporter-output>
        </test-method> <!-- demo -->
      </class> <!-- BookingTestWithTestNG -->
    </test> <!-- Default test -->
  </suite> <!-- Default suite -->
</testng-results>
